0 info it worked if it ends with ok
1 verbose cli [ '/usr/bin/nodejs',
1 verbose cli   '/usr/bin/npm',
1 verbose cli   'instal',
1 verbose cli   '--g',
1 verbose cli   'babel-cli',
1 verbose cli   'babel-preset-es2015' ]
2 info using npm@1.3.10
3 info using node@v0.10.25
4 verbose cache add [ 'babel-cli', null ]
5 verbose cache add name=undefined spec="babel-cli" args=["babel-cli",null]
6 verbose parsed url { protocol: null,
6 verbose parsed url   slashes: null,
6 verbose parsed url   auth: null,
6 verbose parsed url   host: null,
6 verbose parsed url   port: null,
6 verbose parsed url   hostname: null,
6 verbose parsed url   hash: null,
6 verbose parsed url   search: null,
6 verbose parsed url   query: null,
6 verbose parsed url   pathname: 'babel-cli',
6 verbose parsed url   path: 'babel-cli',
6 verbose parsed url   href: 'babel-cli' }
7 verbose cache add [ 'babel-preset-es2015', null ]
8 verbose cache add name=undefined spec="babel-preset-es2015" args=["babel-preset-es2015",null]
9 verbose parsed url { protocol: null,
9 verbose parsed url   slashes: null,
9 verbose parsed url   auth: null,
9 verbose parsed url   host: null,
9 verbose parsed url   port: null,
9 verbose parsed url   hostname: null,
9 verbose parsed url   hash: null,
9 verbose parsed url   search: null,
9 verbose parsed url   query: null,
9 verbose parsed url   pathname: 'babel-preset-es2015',
9 verbose parsed url   path: 'babel-preset-es2015',
9 verbose parsed url   href: 'babel-preset-es2015' }
10 silly lockFile a7787cd8-babel-cli babel-cli
11 verbose lock babel-cli /home/haksho/.npm/a7787cd8-babel-cli.lock
12 silly lockFile 60061373-babel-preset-es2015 babel-preset-es2015
13 verbose lock babel-preset-es2015 /home/haksho/.npm/60061373-babel-preset-es2015.lock
14 silly lockFile a7787cd8-babel-cli babel-cli
15 silly lockFile a7787cd8-babel-cli babel-cli
16 silly lockFile 60061373-babel-preset-es2015 babel-preset-es2015
17 silly lockFile 60061373-babel-preset-es2015 babel-preset-es2015
18 verbose addNamed [ 'babel-cli', '' ]
19 verbose addNamed [ null, '*' ]
20 silly lockFile eb0cb740-babel-cli babel-cli@
21 verbose lock babel-cli@ /home/haksho/.npm/eb0cb740-babel-cli.lock
22 verbose addNamed [ 'babel-preset-es2015', '' ]
23 verbose addNamed [ null, '*' ]
24 silly lockFile 087cfbaa-babel-preset-es2015 babel-preset-es2015@
25 verbose lock babel-preset-es2015@ /home/haksho/.npm/087cfbaa-babel-preset-es2015.lock
26 silly addNameRange { name: 'babel-cli', range: '*', hasData: false }
27 silly addNameRange { name: 'babel-preset-es2015', range: '*', hasData: false }
28 verbose url raw babel-cli
29 verbose url resolving [ 'https://registry.npmjs.org/', './babel-cli' ]
30 verbose url resolved https://registry.npmjs.org/babel-cli
31 info trying registry request attempt 1 at 11:12:08
32 verbose etag "6MFHRVLWRLX44YGJTN9NNQGSS"
33 http GET https://registry.npmjs.org/babel-cli
34 verbose url raw babel-preset-es2015
35 verbose url resolving [ 'https://registry.npmjs.org/', './babel-preset-es2015' ]
36 verbose url resolved https://registry.npmjs.org/babel-preset-es2015
37 info trying registry request attempt 1 at 11:12:08
38 verbose etag "BSZHL2OKCG9DHVVIZDVVR0A52"
39 http GET https://registry.npmjs.org/babel-preset-es2015
40 http 304 https://registry.npmjs.org/babel-cli
41 silly registry.get cb [ 304,
41 silly registry.get   { date: 'Fri, 11 Dec 2015 10:12:08 GMT',
41 silly registry.get     via: '1.1 varnish',
41 silly registry.get     'cache-control': 'max-age=300',
41 silly registry.get     etag: '"6MFHRVLWRLX44YGJTN9NNQGSS"',
41 silly registry.get     age: '205',
41 silly registry.get     connection: 'keep-alive',
41 silly registry.get     'x-served-by': 'cache-lcy1125-LCY',
41 silly registry.get     'x-cache': 'HIT',
41 silly registry.get     'x-cache-hits': '1',
41 silly registry.get     'x-timer': 'S1449828728.539552,VS0,VE0',
41 silly registry.get     vary: 'Accept' } ]
42 verbose etag babel-cli from cache
43 silly addNameRange number 2 { name: 'babel-cli', range: '*', hasData: true }
44 silly addNameRange versions [ 'babel-cli',
44 silly addNameRange   [ '6.0.0',
44 silly addNameRange     '6.0.2',
44 silly addNameRange     '6.0.12',
44 silly addNameRange     '6.0.14',
44 silly addNameRange     '6.0.15',
44 silly addNameRange     '6.1.0',
44 silly addNameRange     '6.1.1',
44 silly addNameRange     '6.1.2',
44 silly addNameRange     '6.1.4',
44 silly addNameRange     '6.1.5',
44 silly addNameRange     '6.1.6',
44 silly addNameRange     '6.1.7',
44 silly addNameRange     '6.1.8',
44 silly addNameRange     '6.1.9',
44 silly addNameRange     '6.1.10',
44 silly addNameRange     '6.1.11',
44 silly addNameRange     '6.1.12',
44 silly addNameRange     '6.1.13',
44 silly addNameRange     '6.1.14',
44 silly addNameRange     '6.1.15',
44 silly addNameRange     '6.1.16',
44 silly addNameRange     '6.1.17',
44 silly addNameRange     '6.1.18',
44 silly addNameRange     '6.2.0',
44 silly addNameRange     '6.2.4',
44 silly addNameRange     '6.3.13',
44 silly addNameRange     '6.3.15',
44 silly addNameRange     '6.3.17' ] ]
45 verbose addNamed [ 'babel-cli', '6.3.17' ]
46 verbose addNamed [ '6.3.17', '6.3.17' ]
47 silly lockFile 409fba12-babel-cli-6-3-17 babel-cli@6.3.17
48 verbose lock babel-cli@6.3.17 /home/haksho/.npm/409fba12-babel-cli-6-3-17.lock
49 silly lockFile 409fba12-babel-cli-6-3-17 babel-cli@6.3.17
50 silly lockFile 409fba12-babel-cli-6-3-17 babel-cli@6.3.17
51 silly lockFile eb0cb740-babel-cli babel-cli@
52 silly lockFile eb0cb740-babel-cli babel-cli@
53 http 304 https://registry.npmjs.org/babel-preset-es2015
54 silly registry.get cb [ 304,
54 silly registry.get   { date: 'Fri, 11 Dec 2015 10:12:08 GMT',
54 silly registry.get     via: '1.1 varnish',
54 silly registry.get     'cache-control': 'max-age=300',
54 silly registry.get     etag: '"BSZHL2OKCG9DHVVIZDVVR0A52"',
54 silly registry.get     age: '0',
54 silly registry.get     connection: 'keep-alive',
54 silly registry.get     'x-served-by': 'cache-lcy1135-LCY',
54 silly registry.get     'x-cache': 'HIT',
54 silly registry.get     'x-cache-hits': '1',
54 silly registry.get     'x-timer': 'S1449828728.495228,VS0,VE158',
54 silly registry.get     vary: 'Accept' } ]
55 verbose etag babel-preset-es2015 from cache
56 silly addNameRange number 2 { name: 'babel-preset-es2015', range: '*', hasData: true }
57 silly addNameRange versions [ 'babel-preset-es2015',
57 silly addNameRange   [ '6.0.2',
57 silly addNameRange     '6.0.8',
57 silly addNameRange     '6.0.11',
57 silly addNameRange     '6.0.12',
57 silly addNameRange     '6.0.14',
57 silly addNameRange     '6.0.15',
57 silly addNameRange     '6.1.2',
57 silly addNameRange     '6.1.4',
57 silly addNameRange     '6.1.17',
57 silly addNameRange     '6.1.18',
57 silly addNameRange     '6.2.4',
57 silly addNameRange     '6.3.13' ] ]
58 verbose addNamed [ 'babel-preset-es2015', '6.3.13' ]
59 verbose addNamed [ '6.3.13', '6.3.13' ]
60 silly lockFile 0a4f05e1-babel-preset-es2015-6-3-13 babel-preset-es2015@6.3.13
61 verbose lock babel-preset-es2015@6.3.13 /home/haksho/.npm/0a4f05e1-babel-preset-es2015-6-3-13.lock
62 silly lockFile 0a4f05e1-babel-preset-es2015-6-3-13 babel-preset-es2015@6.3.13
63 silly lockFile 0a4f05e1-babel-preset-es2015-6-3-13 babel-preset-es2015@6.3.13
64 silly lockFile 087cfbaa-babel-preset-es2015 babel-preset-es2015@
65 silly lockFile 087cfbaa-babel-preset-es2015 babel-preset-es2015@
66 silly resolved [ { name: 'babel-cli',
66 silly resolved     version: '6.3.17',
66 silly resolved     description: 'Babel command line.',
66 silly resolved     author: { name: 'Sebastian McKenzie', email: 'sebmck@gmail.com' },
66 silly resolved     homepage: 'https://babeljs.io/',
66 silly resolved     license: 'MIT',
66 silly resolved     repository:
66 silly resolved      { type: 'git',
66 silly resolved        url: 'https://github.com/babel/babel/tree/master/packages/babel-cli' },
66 silly resolved     dependencies:
66 silly resolved      { 'babel-core': '^6.3.17',
66 silly resolved        'babel-register': '^6.3.13',
66 silly resolved        'babel-polyfill': '^6.3.13',
66 silly resolved        'babel-runtime': '^5.0.0',
66 silly resolved        'bin-version-check': '^2.1.0',
66 silly resolved        chalk: '1.1.1',
66 silly resolved        chokidar: '^1.0.0',
66 silly resolved        commander: '^2.8.1',
66 silly resolved        'convert-source-map': '^1.1.0',
66 silly resolved        'fs-readdir-recursive': '^0.1.0',
66 silly resolved        glob: '^5.0.5',
66 silly resolved        lodash: '^3.2.0',
66 silly resolved        'log-symbols': '^1.0.2',
66 silly resolved        'output-file-sync': '^1.1.0',
66 silly resolved        'path-exists': '^1.0.0',
66 silly resolved        'path-is-absolute': '^1.0.0',
66 silly resolved        request: '^2.65.0',
66 silly resolved        slash: '^1.0.0',
66 silly resolved        'source-map': '^0.5.0',
66 silly resolved        v8flags: '^2.0.10' },
66 silly resolved     devDependencies: { 'babel-helper-fixtures': '^6.3.13' },
66 silly resolved     bin:
66 silly resolved      { 'babel-doctor': './bin/babel-doctor.js',
66 silly resolved        babel: './bin/babel.js',
66 silly resolved        'babel-node': './bin/babel-node.js',
66 silly resolved        'babel-external-helpers': './bin/babel-external-helpers.js' },
66 silly resolved     readme: '# babel-cli\n\n> Babel command line.\n\n## Install\n\n```sh\n$ npm install --global babel-cli\n```\n\n## Usage \n\n```sh\n$ babel script.js\n```\n\nFor more in depth documentation see: http://babeljs.io/docs/usage/cli/\n',
66 silly resolved     readmeFilename: 'README.md',
66 silly resolved     _id: 'babel-cli@6.3.17',
66 silly resolved     _from: 'babel-cli@' },
66 silly resolved   { name: 'babel-preset-es2015',
66 silly resolved     version: '6.3.13',
66 silly resolved     description: 'Babel preset for all es2015 plugins.',
66 silly resolved     author: { name: 'Sebastian McKenzie', email: 'sebmck@gmail.com' },
66 silly resolved     homepage: 'https://babeljs.io/',
66 silly resolved     license: 'MIT',
66 silly resolved     repository:
66 silly resolved      { type: 'git',
66 silly resolved        url: 'https://github.com/babel/babel/tree/master/packages/babel-preset-es2015' },
66 silly resolved     main: 'index.js',
66 silly resolved     dependencies:
66 silly resolved      { 'babel-plugin-transform-es2015-template-literals': '^6.3.13',
66 silly resolved        'babel-plugin-transform-es2015-literals': '^6.3.13',
66 silly resolved        'babel-plugin-transform-es2015-function-name': '^6.3.13',
66 silly resolved        'babel-plugin-transform-es2015-arrow-functions': '^6.3.13',
66 silly resolved        'babel-plugin-transform-es2015-block-scoped-functions': '^6.3.13',
66 silly resolved        'babel-plugin-transform-es2015-classes': '^6.3.13',
66 silly resolved        'babel-plugin-transform-es2015-object-super': '^6.3.13',
66 silly resolved        'babel-plugin-transform-es2015-shorthand-properties': '^6.3.13',
66 silly resolved        'babel-plugin-transform-es2015-computed-properties': '^6.3.13',
66 silly resolved        'babel-plugin-transform-es2015-for-of': '^6.3.13',
66 silly resolved        'babel-plugin-transform-es2015-sticky-regex': '^6.3.13',
66 silly resolved        'babel-plugin-transform-es2015-unicode-regex': '^6.3.13',
66 silly resolved        'babel-plugin-check-es2015-constants': '^6.3.13',
66 silly resolved        'babel-plugin-transform-es2015-spread': '^6.3.13',
66 silly resolved        'babel-plugin-transform-es2015-parameters': '^6.3.13',
66 silly resolved        'babel-plugin-transform-es2015-destructuring': '^6.3.13',
66 silly resolved        'babel-plugin-transform-es2015-block-scoping': '^6.3.13',
66 silly resolved        'babel-plugin-transform-es2015-typeof-symbol': '^6.3.13',
66 silly resolved        'babel-plugin-transform-es2015-modules-commonjs': '^6.3.13',
66 silly resolved        'babel-plugin-transform-regenerator': '^6.3.13' },
66 silly resolved     devDependencies: { 'babel-helper-transform-fixture-test-runner': '^6.3.13' },
66 silly resolved     readme: '# babel-preset-es2015\n\n> Babel preset for all es2015 plugins.\n\n## Install\n\n```sh\n$ npm install --save-dev babel-preset-es2015\n```\n\n## Usage\n\n### Via `.babelrc` (Recommended)\n\n**.babelrc**\n\n```json\n{\n  "presets": ["es2015"]\n}\n```\n\n### Via CLI\n\n```sh\n$ babel script.js --presets es2015 \n```\n\n### Via Node API\n\n```javascript\nrequire("babel-core").transform("code", {\n  presets: ["es2015"]\n});\n```\n',
66 silly resolved     readmeFilename: 'README.md',
66 silly resolved     _id: 'babel-preset-es2015@6.3.13',
66 silly resolved     _from: 'babel-preset-es2015@' } ]
67 info install babel-cli@6.3.17 into /usr/local/lib
68 info install babel-preset-es2015@6.3.13 into /usr/local/lib
69 info installOne babel-cli@6.3.17
70 info installOne babel-preset-es2015@6.3.13
71 info /usr/local/lib/node_modules/babel-preset-es2015 unbuild
72 info /usr/local/lib/node_modules/babel-cli unbuild
73 verbose tar unpack /home/haksho/.npm/babel-preset-es2015/6.3.13/package.tgz
74 silly lockFile 3a0721f3-node-modules-babel-preset-es2015 tar:///usr/local/lib/node_modules/babel-preset-es2015
75 verbose lock tar:///usr/local/lib/node_modules/babel-preset-es2015 /home/haksho/.npm/3a0721f3-node-modules-babel-preset-es2015.lock
76 silly lockFile 0a472543-preset-es2015-6-3-13-package-tgz tar:///home/haksho/.npm/babel-preset-es2015/6.3.13/package.tgz
77 verbose lock tar:///home/haksho/.npm/babel-preset-es2015/6.3.13/package.tgz /home/haksho/.npm/0a472543-preset-es2015-6-3-13-package-tgz.lock
78 info preuninstall babel-cli@6.2.0
79 info uninstall babel-cli@6.2.0
80 verbose true,/usr/local/lib/node_modules,/usr/local/lib/node_modules unbuild babel-cli@6.2.0
81 verbose /usr/local/bin,[object Object] binRoot
82 info /usr/local/lib/node_modules/babel-cli unbuild
83 info preuninstall babel-cli@6.2.0
84 info uninstall babel-cli@6.2.0
85 verbose true,/usr/local/lib/node_modules,/usr/local/lib/node_modules unbuild babel-cli@6.2.0
86 verbose /usr/local/bin,[object Object] binRoot
87 error error rolling back Error: EACCES, unlink '/usr/local/bin/babel'
87 error error rolling back  babel-cli@6.3.17 { [Error: EACCES, unlink '/usr/local/bin/babel'] errno: 3, code: 'EACCES', path: '/usr/local/bin/babel' }
88 error Error: EACCES, unlink '/usr/local/bin/babel-doctor'
88 error  { [Error: EACCES, unlink '/usr/local/bin/babel-doctor'] errno: 3, code: 'EACCES', path: '/usr/local/bin/babel-doctor' }
89 error Please try running this command again as root/Administrator.
90 error System Linux 3.13.0-71-generic
91 error command "/usr/bin/nodejs" "/usr/bin/npm" "instal" "--g" "babel-cli" "babel-preset-es2015"
92 error cwd /var/www/html/TP_ajax
93 error node -v v0.10.25
94 error npm -v 1.3.10
95 error path /usr/local/bin/babel-doctor
96 error code EACCES
97 error errno 3
98 error stack Error: EACCES, unlink '/usr/local/bin/babel-doctor'
99 verbose exit [ 3, true ]
